<?xml version="1.0" encoding="UTF-8"?>
<!-- Generated by org.testng.reporters.JUnitReportReporter -->
<testsuite hostname="LAPTOP-7A67A8DP" failures="0" tests="3" name="com.qa.computer.test.ComputerTest" time="1.943" errors="0" timestamp="2022-09-16T15:03:18 BST" skipped="0">
  <testcase classname="com.qa.computer.test.ComputerTest" name="createComputerTest" time="0.724"/>
  <system-out/>
  <testcase classname="com.qa.computer.test.ComputerTest" name="searchComputerTest" time="0.315"/>
  <system-out/>
  <testcase classname="com.qa.computer.test.ComputerTest" name="deleteComputerTest" time="0.904"/>
  <system-out/>
</testsuite> <!-- com.qa.computer.test.ComputerTest -->
